<?xml version="1.0" encoding="UTF-8"?>
<!-- Generated by org.testng.reporters.JUnitXMLReporter -->
<testsuite ignored="4" hostname="TYSS-Pavan" failures="0" tests="3" name="Test2" time="0.959" errors="0" timestamp="2023-04-07T15:39:12 IST">
  <testcase classname="genral.store.scripts.TC02_AddProductToCart" name="addproduct" time="0.0">
    <skipped/>
  </testcase> <!-- addproduct -->
  <testcase classname="genral.store.scripts.TC03_BuyProductfromWeb" name="buyproductfrom_web" time="0.0">
    <skipped/>
  </testcase> <!-- buyproductfrom_web -->
  <testcase classname="genral.store.scripts.TC_01_LoginSuccess" name="ckecklogin" time="0.0">
    <skipped/>
  </testcase> <!-- ckecklogin -->
  <testcase classname="base.Base" name="@BeforeSuite startServer" time="0.0">
    <ignored/>
  </testcase> <!-- @BeforeSuite startServer -->
  <testcase classname="base.Base" name="@BeforeSuite startServer" time="0.0">
    <ignored/>
  </testcase> <!-- @BeforeSuite startServer -->
  <testcase classname="base.Base" name="@AfterSuite stopServer" time="0.0">
    <ignored/>
  </testcase> <!-- @AfterSuite stopServer -->
  <testcase classname="base.Base" name="@AfterSuite stopServer" time="0.0">
    <ignored/>
  </testcase> <!-- @AfterSuite stopServer -->
</testsuite> <!-- Test2 -->
